<?xml version="1.0" encoding="UTF-8"?>
<!-- Generated by org.testng.reporters.JUnitReportReporter -->
<testsuite hostname="DESKTOP-RVTDD18" failures="0" tests="1" name="com.crm.testscript.DemoTest" time="0.008" errors="0" timestamp="2023-01-08T09:02:21 IST" skipped="0">
  <testcase classname="com.crm.testscript.DemoTest" name="demoTest" time="0.008"/>
  <system-out>
    <![CDATA[hiiiii]]>
  </system-out>
</testsuite> <!-- com.crm.testscript.DemoTest -->
