<?xml version="1.0" encoding="UTF-8"?>
<!-- Generated by org.testng.reporters.JUnitReportReporter -->
<testsuite hostname="DESKTOP-RVTDD18" failures="0" tests="1" name="com.crm.testscript.Demo1Test" time="0.001" errors="0" timestamp="2023-01-08T09:02:21 IST" skipped="0">
  <testcase classname="com.crm.testscript.Demo1Test" name="demo1Test" time="0.001"/>
  <system-out>
    <![CDATA[bye]]>
  </system-out>
</testsuite> <!-- com.crm.testscript.Demo1Test -->
