<?xml version="1.0" encoding="UTF-8"?>
<!-- Generated by org.testng.reporters.JUnitReportReporter -->
<testsuite hostname="DESKTOP-RVTDD18" failures="0" tests="1" name="com.crm.testscript.CreateCustomerTest" time="31.523" errors="0" timestamp="2023-01-14T17:49:13 IST" skipped="0">
  <testcase classname="com.crm.testscript.CreateCustomerTest" name="createCustomerTest" time="31.523"/>
  <system-out>
    <![CDATA[testmethod execution started
HDFC_006
TestCaseIsPass
testmethod execution success]]>
  </system-out>
</testsuite> <!-- com.crm.testscript.CreateCustomerTest -->
